<?xml version="1.0" encoding="UTF-8"?>
<!-- Generated by org.testng.reporters.JUnitXMLReporter -->
<testsuite hostname="AV-B7YSDB3" failures="0" tests="5" name="Default test" time="27.427" errors="0" timestamp="22 Jan 2023 17:42:25 GMT">
  <testcase classname="Testng.Upload_testing" name="clickxbutton" time="0.116"/>
  <testcase classname="Testng.Upload_testing" name="practicebutton" time="4.573"/>
  <testcase classname="Testng.Upload_testing" name="element" time="2.07"/>
  <testcase classname="Testng.Upload_testing" name="uploadbutton" time="2.081"/>
  <testcase classname="Testng.Upload_testing" name="chosefile" time="0.056"/>
</testsuite> <!-- Default test -->
